<?xml version='1.0' encoding='UTF-8' ?>
<testsuites tests="1" failures="0" errors="0" skipped="0" time="88.705" timestamp="2026-08-29T00:42:10" hostname="localhost">
  <testsuite name="com.kamsiob.claritynow.baselineprofile.StartupBaselineProfile" tests="1" failures="0" errors="0" skipped="0" time="87.323" timestamp="2026-08-29T00:42:10" hostname="localhost">
    <properties>
      <property name="device" value="Pixel 8 - 17" />
      <property name="flavor" value="" />
      <property name="project" value=":baselineprofile" />
    </properties>
    <testcase name="startup" classname="com.kamsiob.claritynow.baselineprofile.StartupBaselineProfile" time="87.323" />
  </testsuite>
</testsuites>